<?xml version="1.0" encoding="utf-8"?>
<Events>
  <Event xmlns="http://schemas.microsoft.com/win/2004/08/events/event">
    <System>
      <Provider Name="Microsoft-Windows-Security-Auditing" Guid="{54849625-5478-4994-A5BA-3E3B0328C30D}" />
      <EventID>4625</EventID>
      <Version>0</Version>
      <Level>0</Level>
      <TimeCreated SystemTime="2026-10-08T03:10:01.1234567Z" />
      <EventRecordID>100001</EventRecordID>
      <Execution ProcessID="632" ThreadID="1234" />
      <Channel>Security</Channel>
      <Computer>srv-copahue2</Computer>
    </System>
    <EventData><Data Name="SubjectUserSid">S-1-0-0</Data><Data Name="SubjectUserName">-</Data><Data Name="TargetUserName">administrator</Data><Data Name="Status">0xc000006d</Data><Data Name="LogonType">3</Data><Data Name="WorkstationName">WIN-ATTACKER</Data><Data Name="IpAddress">203.0.113.50</Data><Data Name="IpPort">51234</Data></EventData>
  </Event>
  <Event xmlns="http://schemas.microsoft.com/win/2004/08/events/event">
    <System>
      <Provider Name="Microsoft-Windows-Security-Auditing" Guid="{54849625-5478-4994-A5BA-3E3B0328C30D}" />
      <EventID>4625</EventID>
      <Version>0</Version>
      <Level>0</Level>
      <TimeCreated SystemTime="2026-10-08T03:10:03.1234567Z" />
      <EventRecordID>100002</EventRecordID>
      <Execution ProcessID="632" ThreadID="1234" />
      <Channel>Security</Channel>
      <Computer>srv-copahue2</Computer>
    </System>
    <EventData><Data Name="SubjectUserSid">S-1-0-0</Data><Data Name="SubjectUserName">-</Data><Data Name="TargetUserName">admin</Data><Data Name="Status">0xc000006d</Data><Data Name="LogonType">3</Data><Data Name="WorkstationName">WIN-ATTACKER</Data><Data Name="IpAddress">203.0.113.50</Data><Data Name="IpPort">51234</Data></EventData>
  </Event>
  <Event xmlns="http://schemas.microsoft.com/win/2004/08/events/event">
    <System>
      <Provider Name="Microsoft-Windows-Security-Auditing" Guid="{54849625-5478-4994-A5BA-3E3B0328C30D}" />
      <EventID>4625</EventID>
      <Version>0</Version>
      <Level>0</Level>
      <TimeCreated SystemTime="2026-10-08T03:10:05.1234567Z" />
      <EventRecordID>100003</EventRecordID>
      <Execution ProcessID="632" ThreadID="1234" />
      <Channel>Security</Channel>
      <Computer>srv-copahue2</Computer>
    </System>
    <EventData><Data Name="SubjectUserSid">S-1-0-0</Data><Data Name="SubjectUserName">-</Data><Data Name="TargetUserName">sa</Data><Data Name="Status">0xc000006d</Data><Data Name="LogonType">3</Data><Data Name="WorkstationName">WIN-ATTACKER</Data><Data Name="IpAddress">203.0.113.50</Data><Data Name="IpPort">51234</Data></EventData>
  </Event>
  <Event xmlns="http://schemas.microsoft.com/win/2004/08/events/event">
    <System>
      <Provider Name="Microsoft-Windows-Security-Auditing" Guid="{54849625-5478-4994-A5BA-3E3B0328C30D}" />
      <EventID>4625</EventID>
      <Version>0</Version>
      <Level>0</Level>
      <TimeCreated SystemTime="2026-10-08T03:10:07.1234567Z" />
      <EventRecordID>100004</EventRecordID>
      <Execution ProcessID="632" ThreadID="1234" />
      <Channel>Security</Channel>
      <Computer>srv-copahue2</Computer>
    </System>
    <EventData><Data Name="SubjectUserSid">S-1-0-0</Data><Data Name="SubjectUserName">-</Data><Data Name="TargetUserName">user1</Data><Data Name="Status">0xc000006d</Data><Data Name="LogonType">3</Data><Data Name="WorkstationName">WIN-ATTACKER</Data><Data Name="IpAddress">203.0.113.50</Data><Data Name="IpPort">51234</Data></EventData>
  </Event>
  <Event xmlns="http://schemas.microsoft.com/win/2004/08/events/event">
    <System>
      <Provider Name="Microsoft-Windows-Security-Auditing" Guid="{54849625-5478-4994-A5BA-3E3B0328C30D}" />
      <EventID>4625</EventID>
      <Version>0</Version>
      <Level>0</Level>
      <TimeCreated SystemTime="2026-10-08T03:10:09.1234567Z" />
      <EventRecordID>100005</EventRecordID>
      <Execution ProcessID="632" ThreadID="1234" />
      <Channel>Security</Channel>
      <Computer>srv-copahue2</Computer>
    </System>
    <EventData><Data Name="SubjectUserSid">S-1-0-0</Data><Data Name="SubjectUserName">-</Data><Data Name="TargetUserName">user2</Data><Data Name="Status">0xc000006d</Data><Data Name="LogonType">3</Data><Data Name="WorkstationName">WIN-ATTACKER</Data><Data Name="IpAddress">203.0.113.50</Data><Data Name="IpPort">51234</Data></EventData>
  </Event>
  <Event xmlns="http://schemas.microsoft.com/win/2004/08/events/event">
    <System>
      <Provider Name="Microsoft-Windows-Security-Auditing" Guid="{54849625-5478-4994-A5BA-3E3B0328C30D}" />
      <EventID>4625</EventID>
      <Version>0</Version>
      <Level>0</Level>
      <TimeCreated SystemTime="2026-10-08T03:10:11.1234567Z" />
      <EventRecordID>100006</EventRecordID>
      <Execution ProcessID="632" ThreadID="1234" />
      <Channel>Security</Channel>
      <Computer>srv-copahue2</Computer>
    </System>
    <EventData><Data Name="SubjectUserSid">S-1-0-0</Data><Data Name="SubjectUserName">-</Data><Data Name="TargetUserName">test</Data><Data Name="Status">0xc000006d</Data><Data Name="LogonType">3</Data><Data Name="WorkstationName">WIN-ATTACKER</Data><Data Name="IpAddress">203.0.113.50</Data><Data Name="IpPort">51234</Data></EventData>
  </Event>
  <Event xmlns="http://schemas.microsoft.com/win/2004/08/events/event">
    <System>
      <Provider Name="Microsoft-Windows-Security-Auditing" Guid="{54849625-5478-4994-A5BA-3E3B0328C30D}" />
      <EventID>4625</EventID>
      <Version>0</Version>
      <Level>0</Level>
      <TimeCreated SystemTime="2026-10-08T03:10:13.1234567Z" />
      <EventRecordID>100007</EventRecordID>
      <Execution ProcessID="632" ThreadID="1234" />
      <Channel>Security</Channel>
      <Computer>srv-copahue2</Computer>
    </System>
    <EventData><Data Name="SubjectUserSid">S-1-0-0</Data><Data Name="SubjectUserName">-</Data><Data Name="TargetUserName">guest</Data><Data Name="Status">0xc000006d</Data><Data Name="LogonType">3</Data><Data Name="WorkstationName">WIN-ATTACKER</Data><Data Name="IpAddress">203.0.113.50</Data><Data Name="IpPort">51234</Data></EventData>
  </Event>
  <Event xmlns="http://schemas.microsoft.com/win/2004/08/events/event">
    <System>
      <Provider Name="Microsoft-Windows-Security-Auditing" Guid="{54849625-5478-4994-A5BA-3E3B0328C30D}" />
      <EventID>4625</EventID>
      <Version>0</Version>
      <Level>0</Level>
      <TimeCreated SystemTime="2026-10-08T03:10:15.1234567Z" />
      <EventRecordID>100008</EventRecordID>
      <Execution ProcessID="632" ThreadID="1234" />
      <Channel>Security</Channel>
      <Computer>srv-copahue2</Computer>
    </System>
    <EventData><Data Name="SubjectUserSid">S-1-0-0</Data><Data Name="SubjectUserName">-</Data><Data Name="TargetUserName">backup</Data><Data Name="Status">0xc000006d</Data><Data Name="LogonType">3</Data><Data Name="WorkstationName">WIN-ATTACKER</Data><Data Name="IpAddress">203.0.113.50</Data><Data Name="IpPort">51234</Data></EventData>
  </Event>
  <Event xmlns="http://schemas.microsoft.com/win/2004/08/events/event">
    <System>
      <Provider Name="Microsoft-Windows-Security-Auditing" Guid="{54849625-5478-4994-A5BA-3E3B0328C30D}" />
      <EventID>4720</EventID>
      <Version>0</Version>
      <Level>0</Level>
      <TimeCreated SystemTime="2026-10-08T04:00:00.0000000Z" />
      <EventRecordID>100009</EventRecordID>
      <Execution ProcessID="632" ThreadID="1234" />
      <Channel>Security</Channel>
      <Computer>srv-copahue2</Computer>
    </System>
    <EventData><Data Name="TargetUserName">svc_tmp$</Data><Data Name="TargetDomainName">SRV-COPAHUE2</Data><Data Name="SubjectUserName">SYSTEM</Data><Data Name="SubjectDomainName">NT AUTHORITY</Data></EventData>
  </Event>
  <Event xmlns="http://schemas.microsoft.com/win/2004/08/events/event">
    <System>
      <Provider Name="Microsoft-Windows-Security-Auditing" Guid="{54849625-5478-4994-A5BA-3E3B0328C30D}" />
      <EventID>4732</EventID>
      <Version>0</Version>
      <Level>0</Level>
      <TimeCreated SystemTime="2026-10-08T04:00:30.0000000Z" />
      <EventRecordID>100010</EventRecordID>
      <Execution ProcessID="632" ThreadID="1234" />
      <Channel>Security</Channel>
      <Computer>srv-copahue2</Computer>
    </System>
    <EventData><Data Name="MemberName">-</Data><Data Name="MemberSid">S-1-5-21-1-2-3-1005</Data><Data Name="TargetUserName">Administrators</Data><Data Name="TargetDomainName">Builtin</Data><Data Name="SubjectUserName">SYSTEM</Data></EventData>
  </Event>
  <Event xmlns="http://schemas.microsoft.com/win/2004/08/events/event">
    <System>
      <Provider Name="Microsoft-Windows-Security-Auditing" Guid="{54849625-5478-4994-A5BA-3E3B0328C30D}" />
      <EventID>4698</EventID>
      <Version>0</Version>
      <Level>0</Level>
      <TimeCreated SystemTime="2026-10-08T05:05:00.0000000Z" />
      <EventRecordID>100011</EventRecordID>
      <Execution ProcessID="632" ThreadID="1234" />
      <Channel>Security</Channel>
      <Computer>srv-copahue2</Computer>
    </System>
    <EventData><Data Name="SubjectUserName">SYSTEM</Data><Data Name="TaskName">\Microsoft\Windows\Sync</Data><Data Name="TaskContent">&lt;Task&gt;powershell.exe -enc AAAA&lt;/Task&gt;</Data></EventData>
  </Event>
  <Event xmlns="http://schemas.microsoft.com/win/2004/08/events/event">
    <System>
      <Provider Name="Microsoft-Windows-Security-Auditing" Guid="{54849625-5478-4994-A5BA-3E3B0328C30D}" />
      <EventID>4625</EventID>
      <Version>0</Version>
      <Level>0</Level>
      <TimeCreated SystemTime="2026-10-08T09:00:00.0000000Z" />
      <EventRecordID>100012</EventRecordID>
      <Execution ProcessID="632" ThreadID="1234" />
      <Channel>Security</Channel>
      <Computer>srv-copahue2</Computer>
    </System>
    <EventData><Data Name="SubjectUserName">-</Data><Data Name="TargetUserName">mhinojosa</Data><Data Name="LogonType">3</Data><Data Name="IpAddress">192.168.1.25</Data></EventData>
  </Event>
</Events>
